\BOOKMARK [0][-]{part.1}{\376\377\000I\000\040\213\244\213\306\000L\000a\000T\000e\000X}{}% 1
\BOOKMARK [1][-]{section.1.1}{\376\377\000L\000a\000T\000e\000X\166\204\215\167\156\220}{part.1}% 2
\BOOKMARK [1][-]{section.1.2}{\376\377\000L\000a\000T\000e\000X\166\204\117\030\122\277\116\016\122\243\122\277}{part.1}% 3
\BOOKMARK [0][-]{part.2}{\376\377\000I\000I\000\040\145\207\150\143\176\323\147\204\116\313\176\315}{}% 4
\BOOKMARK [0][-]{part.3}{\376\377\000I\000I\000I\000\040\136\070\211\301\133\217\123\005\116\313\176\315}{}% 5
\BOOKMARK [0][-]{part.4}{\376\377\000I\000V\000\040\136\070\211\301\163\257\130\203\116\313\176\315}{}% 6
\BOOKMARK [0][-]{part.5}{\376\377\000V\000\040\230\165\227\142\116\016\230\165\167\011\230\165\201\032}{}% 7
\BOOKMARK [1][-]{section.5.1}{\376\377\230\165\227\142\213\276\177\156}{part.5}% 8
\BOOKMARK [1][-]{section.5.2}{\376\377\230\165\167\011\230\165\201\032\213\276\177\156}{part.5}% 9
\BOOKMARK [0][-]{part.6}{\376\377\000V\000I\000\040\145\207\133\127\116\016\153\265\204\075}{}% 10
\BOOKMARK [1][-]{section.6.1}{\376\377\121\150\134\100\133\127\117\123\174\173\127\213\213\276\177\156}{part.6}% 11
\BOOKMARK [1][-]{section.6.2}{\376\377\121\150\134\100\133\127\123\367\213\276\177\156}{part.6}% 12
\BOOKMARK [1][-]{section.6.3}{\376\377\121\150\134\100\153\265\204\075\150\074\137\017\213\276\177\156}{part.6}% 13
\BOOKMARK [1][-]{section.6.4}{\376\377\134\100\220\350\213\276\177\156}{part.6}% 14
\BOOKMARK [1][-]{section.6.5}{\376\377\143\142\210\114\144\315\117\134}{part.6}% 15
\BOOKMARK [1][-]{section.6.6}{\376\377\133\371\237\120\145\271\137\017}{part.6}% 16
\BOOKMARK [0][-]{part.7}{\376\377\000V\000I\000I\000\040\210\150\150\074\124\214\126\376\162\107}{}% 17
\BOOKMARK [1][-]{section.7.1}{\376\377\143\322\121\145\210\150\150\074}{part.7}% 18
\BOOKMARK [1][-]{section.7.2}{\376\377\143\322\121\145\126\376\162\107}{part.7}% 19
\BOOKMARK [0][-]{part.8}{\376\377\000V\000I\000I\000I\000\040\116\343\170\001\127\127\143\322\121\145}{}% 20
\BOOKMARK [0][-]{part.9}{\376\377\000I\000X\000\040\166\356\137\125\060\001\150\007\230\230\124\214\150\007\173\176}{}% 21
\BOOKMARK [1][-]{section.9.1}{\376\377\166\356\137\125\213\276\177\156}{part.9}% 22
\BOOKMARK [1][-]{section.9.2}{\376\377\150\007\230\230\213\276\177\156}{part.9}% 23
\BOOKMARK [1][-]{section.9.3}{\376\377\150\007\173\176\116\016\215\363\217\154}{part.9}% 24
\BOOKMARK [0][-]{part.10}{\376\377\000X\000\040\136\217\122\027\166\204\143\322\121\145}{}% 25
\BOOKMARK [0][-]{part.11}{\376\377\000X\000I\000\040\121\154\137\017\177\026\217\221}{}% 26
\BOOKMARK [0][-]{part.12}{\376\377\000X\000I\000I\000\040\123\302\200\003\145\207\163\056\143\322\121\145}{}% 27
